<?xml version="1.0" encoding="UTF-8"?>
<!-- Generated by org.testng.reporters.JUnitReportReporter -->
<testsuite skipped="0" hostname="dell-PC" name="bs.TestNGSample" tests="3" failures="0" timestamp="26 Dec 2016 14:43:01 GMT" time="19.094" errors="0">
  <testcase name="testSimple" time="2.758" classname="bs.TestNGSample"/>
  <testcase name="testSimple" time="13.273" classname="bs.TestNGSample"/>
  <testcase name="testSimple" time="3.063" classname="bs.TestNGSample"/>
</testsuite> <!-- bs.TestNGSample -->
